| ERROR | 2023-01-18 10:58:56 | ERBItemFinder.java:137 | Cannot findChapterForGuid. guid is null.
| ERROR | 2023-01-18 10:58:56 | ERBItemFinder.java:137 | Cannot findChapterForGuid. guid is null.
| ERROR | 2023-01-18 10:58:56 | ERBItemFinder.java:137 | Cannot findChapterForGuid. guid is null.
| ERROR | 2023-01-18 10:58:56 | ERBItemFinder.java:137 | Cannot findChapterForGuid. guid is null.
| ERROR | 2023-01-18 10:58:57 | ERBItemFinder.java:137 | Cannot findChapterForGuid. guid is null.
| ERROR | 2023-01-18 10:58:57 | ERBItemFinder.java:137 | Cannot findChapterForGuid. guid is null.
| ERROR | 2023-01-18 10:58:57 | ERBItemFinder.java:137 | Cannot findChapterForGuid. guid is null.
| ERROR | 2023-01-18 10:58:57 | ERBItemFinder.java:137 | Cannot findChapterForGuid. guid is null.
| ERROR | 2023-01-18 10:58:58 | ERBItemFinder.java:137 | Cannot findChapterForGuid. guid is null.
| ERROR | 2023-01-18 10:58:58 | ERBItemFinder.java:137 | Cannot findChapterForGuid. guid is null.
| ERROR | 2023-01-18 10:58:58 | ERBItemFinder.java:211 | Cannot getActivityForInteractiveActivity. Activity returned is null.
| ERROR | 2023-01-18 10:58:58 | ERBItemFinder.java:79 | Cannot getChapterForStep. Chapter returned is null.
| ERROR | 2023-01-18 10:58:59 | XMLManager.java:869 | C:\Users\AWILKE06\Documents\Eclipse_Repos\metroceri\MetroCERI\erb_supporting_docs\Code_Resources\ERB\Projects\Testing_3\Goals\Default_Goal\GUID_Data\7d618e280ecd47bdb283e81aa0b16593\Data.xml either does not exist or cannot be read
| ERROR | 2023-01-18 10:58:59 | EngagementActionController.java:1056 | Cannot generateActivityERBPathway. chapter = null
| ERROR | 2023-01-18 10:58:59 | ERBItemFinder.java:137 | Cannot findChapterForGuid. guid is null.
| ERROR | 2023-01-18 10:59:43 | ERBItemFinder.java:137 | Cannot findChapterForGuid. guid is null.
| ERROR | 2023-01-18 11:00:22 | ERBItemFinder.java:137 | Cannot findChapterForGuid. guid is null.
| ERROR | 2023-01-18 11:00:22 | ERBItemFinder.java:137 | Cannot findChapterForGuid. guid is null.
| ERROR | 2023-01-18 11:00:22 | ERBItemFinder.java:137 | Cannot findChapterForGuid. guid is null.
| ERROR | 2023-01-18 11:00:22 | ERBItemFinder.java:137 | Cannot findChapterForGuid. guid is null.
| ERROR | 2023-01-18 11:00:23 | ERBItemFinder.java:137 | Cannot findChapterForGuid. guid is null.
| ERROR | 2023-01-18 11:00:23 | ERBItemFinder.java:137 | Cannot findChapterForGuid. guid is null.
| ERROR | 2023-01-18 11:00:24 | ERBItemFinder.java:137 | Cannot findChapterForGuid. guid is null.
| ERROR | 2023-01-18 11:00:24 | ERBItemFinder.java:137 | Cannot findChapterForGuid. guid is null.
| ERROR | 2023-01-18 11:00:25 | ERBItemFinder.java:137 | Cannot findChapterForGuid. guid is null.
| ERROR | 2023-01-18 11:00:25 | ERBItemFinder.java:137 | Cannot findChapterForGuid. guid is null.
| ERROR | 2023-01-18 11:00:25 | ERBItemFinder.java:211 | Cannot getActivityForInteractiveActivity. Activity returned is null.
| ERROR | 2023-01-18 11:00:25 | ERBItemFinder.java:79 | Cannot getChapterForStep. Chapter returned is null.
| ERROR | 2023-01-18 11:00:25 | EngagementActionController.java:1056 | Cannot generateActivityERBPathway. chapter = null
| ERROR | 2023-01-18 11:00:25 | ERBItemFinder.java:137 | Cannot findChapterForGuid. guid is null.
