Jan 05, 2024 11:40:23 AM com.epa.erb.ERBContainerController initialize
INFO: TEST 1
Jan 05, 2024 11:40:24 AM com.epa.erb.App main
INFO: Successfully launched application
Jan 05, 2024 11:43:36 AM com.epa.erb.ERBContainerController initialize
INFO: TEST 1
Jan 05, 2024 11:44:08 AM com.epa.erb.App main
INFO: Successfully launched application
Jan 05, 2024 11:44:13 AM com.epa.erb.ERBContainerController initialize
INFO: TEST 1
Jan 05, 2024 11:46:14 AM com.epa.erb.App main
INFO: Successfully launched application
Jan 05, 2024 11:48:30 AM com.epa.erb.ERBContainerController initialize
INFO: TEST 1
Jan 05, 2024 11:53:09 AM com.epa.erb.ERBContainerController initialize
INFO: TEST 1
Jan 05, 2024 1:14:45 PM com.epa.erb.App main
INFO: Successfully launched application
Jan 05, 2024 1:15:21 PM com.epa.erb.ERBContainerController initialize
INFO: TEST 1
Jan 05, 2024 1:16:11 PM com.epa.erb.App main
INFO: Successfully launched application
Jan 05, 2024 1:16:40 PM com.epa.erb.ERBContainerController initialize
INFO: TEST 1
Jan 05, 2024 1:16:46 PM com.epa.erb.App main
INFO: Successfully launched application
Jan 05, 2024 1:17:41 PM com.epa.erb.ERBContainerController initialize
INFO: TEST 1
Jan 05, 2024 1:18:37 PM com.epa.erb.App main
INFO: Successfully launched application
Jan 05, 2024 1:19:58 PM com.epa.erb.ERBContainerController initialize
INFO: TEST 1
Jan 05, 2024 1:20:44 PM com.epa.erb.ERBContainerController initialize
INFO: TEST 1
Jan 05, 2024 1:22:17 PM com.epa.erb.App main
INFO: Successfully launched application
Jan 05, 2024 1:22:23 PM com.epa.erb.ERBContainerController initialize
INFO: TEST 1
Jan 05, 2024 1:22:30 PM com.epa.erb.App main
INFO: Successfully launched application
Jan 05, 2024 1:23:04 PM com.epa.erb.App start
INFO: Successfully launched application
Jan 05, 2024 1:23:05 PM com.epa.erb.ERBContainerController initialize
INFO: TEST 1
